<?xml version="1.0" encoding="UTF-8"?>
<!-- Generated by org.testng.reporters.JUnitReportReporter -->
<testsuite skipped="0" hostname="DESKTOP-IV2TGGS" name="com.DataDriven.Test.DataDrivenTest" tests="1" failures="0" timestamp="19 Sep 2021 11:55:19 GMT" time="39.119" errors="0">
  <testcase name="loginpage" time="39.119" classname="com.DataDriven.Test.DataDrivenTest"/>
</testsuite> <!-- com.DataDriven.Test.DataDrivenTest -->
